<?xml version="1.0" encoding="UTF-8"?>
<testsuite name="runners.YtRunner" tests="0" skipped="0" failures="0" errors="0" timestamp="1970-01-01T00:00:00" hostname="LAPTOP-PISRMKJI" time="0.0">
  <properties/>
  <system-out><![CDATA[
?[31mFailed scenarios:?[0m
?[31msrc/test/resources/features/yt.feature:4 ?[0m# Busqueda exitosa

1 Scenarios (?[31m1 failed?[0m)
3 Steps (?[31m1 failed?[0m, ?[36m1 skipped?[0m, ?[32m1 passed?[0m)
0m32,971s

net.serenitybdd.core.exceptions.SerenityManagedException
	at tasks.BusquedaRapida.performAs(BusquedaRapida.java:17)
	at tasks.BusquedaRapida$$EnhancerByCGLIB$$b89420e5.CGLIB$performAs$0(<generated>)
	at tasks.BusquedaRapida$$EnhancerByCGLIB$$b89420e5$$FastClassByCGLIB$$e2d4a4c2.invoke(<generated>)
	at net.sf.cglib.proxy.MethodProxy.invokeSuper(MethodProxy.java:228)
	at net.thucydides.core.steps.StepInterceptor.invokeMethod(StepInterceptor.java:460)
	at net.thucydides.core.steps.StepInterceptor.executeTestStepMethod(StepInterceptor.java:445)
	at net.thucydides.core.steps.StepInterceptor.runTestStep(StepInterceptor.java:420)
	at net.thucydides.core.steps.StepInterceptor.runOrSkipMethod(StepInterceptor.java:175)
	at net.thucydides.core.steps.StepInterceptor.testStepResult(StepInterceptor.java:162)
	at net.thucydides.core.steps.StepInterceptor.intercept(StepInterceptor.java:68)
	at tasks.BusquedaRapida$$EnhancerByCGLIB$$b89420e5.performAs(<generated>)
	at net.serenitybdd.screenplay.Actor.performTask(Actor.java:233)
	at net.serenitybdd.screenplay.Actor.perform(Actor.java:214)
	at net.serenitybdd.screenplay.Actor.attemptsTo(Actor.java:171)
	at stepDefinitions.YtStepDefinitions.deseeVerVideos(YtStepDefinitions.java:27)
	at ?.desee ver videos(src/test/resources/features/yt.feature:6)
Caused by: java.lang.ClassCastException: io.appium.java_client.AppiumDriver cannot be cast to net.thucydides.core.webdriver.WebDriverFacade
	at net.thucydides.core.webdriver.ThucydidesWebDriverSupport.getProxiedDriver(ThucydidesWebDriverSupport.java:228)
	at utils.ElementFinder.getPlatformCapability(ElementFinder.java:18)
	at utils.ElementFinder.theElementBy(ElementFinder.java:29)
	at userInterface.pages.BusquedaPages.<clinit>(BusquedaPages.java:11)
	at tasks.BusquedaRapida.performAs(BusquedaRapida.java:17)
	at tasks.BusquedaRapida$$EnhancerByCGLIB$$b89420e5.CGLIB$performAs$0(<generated>)
	at tasks.BusquedaRapida$$EnhancerByCGLIB$$b89420e5$$FastClassByCGLIB$$e2d4a4c2.invoke(<generated>)
	at net.sf.cglib.proxy.MethodProxy.invokeSuper(MethodProxy.java:228)
	at net.thucydides.core.steps.StepInterceptor.invokeMethod(StepInterceptor.java:460)
	at net.thucydides.core.steps.StepInterceptor.executeTestStepMethod(StepInterceptor.java:445)
	at net.thucydides.core.steps.StepInterceptor.runTestStep(StepInterceptor.java:420)
	at net.thucydides.core.steps.StepInterceptor.runOrSkipMethod(StepInterceptor.java:175)
	at net.thucydides.core.steps.StepInterceptor.testStepResult(StepInterceptor.java:162)
	at net.thucydides.core.steps.StepInterceptor.intercept(StepInterceptor.java:68)
	at tasks.BusquedaRapida$$EnhancerByCGLIB$$b89420e5.performAs(<generated>)
	at net.serenitybdd.screenplay.Actor.performTask(Actor.java:233)
	at net.serenitybdd.screenplay.Actor.perform(Actor.java:214)
	at net.serenitybdd.screenplay.Actor.attemptsTo(Actor.java:171)
	at stepDefinitions.YtStepDefinitions.deseeVerVideos(YtStepDefinitions.java:27)
	at sun.reflect.NativeMethodAccessorImpl.invoke0(Native Method)
	at sun.reflect.NativeMethodAccessorImpl.invoke(NativeMethodAccessorImpl.java:62)
	at sun.reflect.DelegatingMethodAccessorImpl.invoke(DelegatingMethodAccessorImpl.java:43)
	at java.lang.reflect.Method.invoke(Method.java:498)
	at cucumber.runtime.Utils$1.call(Utils.java:31)
	at cucumber.runtime.Timeout.timeout(Timeout.java:16)
	at cucumber.runtime.Utils.invoke(Utils.java:25)
	at cucumber.runtime.java.JavaStepDefinition.execute(JavaStepDefinition.java:37)
	at cucumber.runtime.StepDefinitionMatch.runStep(StepDefinitionMatch.java:40)
	at cucumber.api.TestStep.executeStep(TestStep.java:102)
	at cucumber.api.TestStep.run(TestStep.java:83)
	at cucumber.api.TestCase.run(TestCase.java:58)
	at cucumber.runner.Runner.runPickle(Runner.java:80)
	at cucumber.runtime.junit.PickleRunners$NoStepDescriptions.run(PickleRunners.java:140)
	at cucumber.runtime.junit.FeatureRunner.runChild(FeatureRunner.java:68)
	at cucumber.runtime.junit.FeatureRunner.runChild(FeatureRunner.java:23)
	at org.junit.runners.ParentRunner$3.run(ParentRunner.java:290)
	at org.junit.runners.ParentRunner$1.schedule(ParentRunner.java:71)
	at org.junit.runners.ParentRunner.runChildren(ParentRunner.java:288)
	at org.junit.runners.ParentRunner.access$000(ParentRunner.java:58)
	at org.junit.runners.ParentRunner$2.evaluate(ParentRunner.java:268)
	at org.junit.runners.ParentRunner.run(ParentRunner.java:363)
	at cucumber.runtime.junit.FeatureRunner.run(FeatureRunner.java:73)
	at cucumber.api.junit.Cucumber.runChild(Cucumber.java:118)
	at cucumber.api.junit.Cucumber.runChild(Cucumber.java:56)
	at org.junit.runners.ParentRunner$3.run(ParentRunner.java:290)
	at org.junit.runners.ParentRunner$1.schedule(ParentRunner.java:71)
	at org.junit.runners.ParentRunner.runChildren(ParentRunner.java:288)
	at org.junit.runners.ParentRunner.access$000(ParentRunner.java:58)
	at org.junit.runners.ParentRunner$2.evaluate(ParentRunner.java:268)
	at cucumber.api.junit.Cucumber$1.evaluate(Cucumber.java:127)
	at org.junit.runners.ParentRunner.run(ParentRunner.java:363)
	at org.gradle.api.internal.tasks.testing.junit.JUnitTestClassExecutor.runTestClass(JUnitTestClassExecutor.java:110)
	at org.gradle.api.internal.tasks.testing.junit.JUnitTestClassExecutor.execute(JUnitTestClassExecutor.java:58)
	at org.gradle.api.internal.tasks.testing.junit.JUnitTestClassExecutor.execute(JUnitTestClassExecutor.java:38)
	at org.gradle.api.internal.tasks.testing.junit.AbstractJUnitTestClassProcessor.processTestClass(AbstractJUnitTestClassProcessor.java:62)
	at org.gradle.api.internal.tasks.testing.SuiteTestClassProcessor.processTestClass(SuiteTestClassProcessor.java:51)
	at sun.reflect.NativeMethodAccessorImpl.invoke0(Native Method)
	at sun.reflect.NativeMethodAccessorImpl.invoke(NativeMethodAccessorImpl.java:62)
	at sun.reflect.DelegatingMethodAccessorImpl.invoke(DelegatingMethodAccessorImpl.java:43)
	at java.lang.reflect.Method.invoke(Method.java:498)
	at org.gradle.internal.dispatch.ReflectionDispatch.dispatch(ReflectionDispatch.java:36)
	at org.gradle.internal.dispatch.ReflectionDispatch.dispatch(ReflectionDispatch.java:24)
	at org.gradle.internal.dispatch.ContextClassLoaderDispatch.dispatch(ContextClassLoaderDispatch.java:33)
	at org.gradle.internal.dispatch.ProxyDispatchAdapter$DispatchingInvocationHandler.invoke(ProxyDispatchAdapter.java:94)
	at com.sun.proxy.$Proxy2.processTestClass(Unknown Source)
	at org.gradle.api.internal.tasks.testing.worker.TestWorker.processTestClass(TestWorker.java:119)
	at sun.reflect.NativeMethodAccessorImpl.invoke0(Native Method)
	at sun.reflect.NativeMethodAccessorImpl.invoke(NativeMethodAccessorImpl.java:62)
	at sun.reflect.DelegatingMethodAccessorImpl.invoke(DelegatingMethodAccessorImpl.java:43)
	at java.lang.reflect.Method.invoke(Method.java:498)
	at org.gradle.internal.dispatch.ReflectionDispatch.dispatch(ReflectionDispatch.java:36)
	at org.gradle.internal.dispatch.ReflectionDispatch.dispatch(ReflectionDispatch.java:24)
	at org.gradle.internal.remote.internal.hub.MessageHubBackedObjectConnection$DispatchWrapper.dispatch(MessageHubBackedObjectConnection.java:182)
	at org.gradle.internal.remote.internal.hub.MessageHubBackedObjectConnection$DispatchWrapper.dispatch(MessageHubBackedObjectConnection.java:164)
	at org.gradle.internal.remote.internal.hub.MessageHub$Handler.run(MessageHub.java:414)
	at org.gradle.internal.concurrent.ExecutorPolicy$CatchAndRecordFailures.onExecute(ExecutorPolicy.java:64)
	at org.gradle.internal.concurrent.ManagedExecutorImpl$1.run(ManagedExecutorImpl.java:48)
	at java.util.concurrent.ThreadPoolExecutor.runWorker(ThreadPoolExecutor.java:1149)
	at java.util.concurrent.ThreadPoolExecutor$Worker.run(ThreadPoolExecutor.java:624)
	at org.gradle.internal.concurrent.ThreadFactoryImpl$ManagedThreadRunnable.run(ThreadFactoryImpl.java:56)
	at java.lang.Thread.run(Thread.java:748)

]]></system-out>
  <system-err><![CDATA[[Test worker] INFO net.thucydides.core.steps.ConsoleLoggingListener - 

-------------------------------------------------------------------------------------
     _______. _______ .______       _______ .__   __.  __  .___________.____    ____ 
    /       ||   ____||   _  \     |   ____||  \ |  | |  | |           |\   \  /   / 
   |   (----`|  |__   |  |_)  |    |  |__   |   \|  | |  | `---|  |----` \   \/   /  
    \   \    |   __|  |      /     |   __|  |  . `  | |  |     |  |       \_    _/   
.----)   |   |  |____ |  |\  \----.|  |____ |  |\   | |  |     |  |         |  |     
|_______/    |_______|| _| `._____||_______||__| \__| |__|     |__|         |__|    
                                                                                     
 News and tutorials at http://www.serenity-bdd.info                                  
 Documentation at https://wakaleo.gitbooks.io/the-serenity-book/content/             
 Join the Serenity Community on Rocket Chat at https://serenity-bdd.rocket.chat      
 Serenity BDD Support and Training at http://serenity-bdd.info/#/trainingandsupport  
 Learn Serenity BDD online at http://serenity-dojo.com                               
-------------------------------------------------------------------------------------

[Test worker] INFO net.thucydides.core.steps.ConsoleLoggingListener - Test Suite Started: Busqueda de contenido en la app de YouTube
[Test worker] INFO net.thucydides.core.steps.ConsoleLoggingListener - 
 _____ _____ ____ _____   ____ _____  _    ____ _____ _____ ____  
|_   _| ____/ ___|_   _| / ___|_   _|/ \  |  _ \_   _| ____|  _ \ 
  | | |  _| \___ \ | |   \___ \ | | / _ \ | |_) || | |  _| | | | |
  | | | |___ ___) || |    ___) || |/ ___ \|  _ < | | | |___| |_| |
  |_| |_____|____/ |_|   |____/ |_/_/   \_\_| \_\|_| |_____|____/ 
                                                                  

TEST STARTED: Busqueda exitosa
-------------------------------------------------------------------(busqueda-de-contenido-en-la-app-de-youtube;busqueda-exitosa)
]]></system-err>
</testsuite>
